<?xml version="1.0" encoding="UTF-8"?>
<!-- Generated by org.testng.reporters.JUnitReportReporter -->
<testsuite hostname="Shafaf" failures="0" tests="1" name="theoutpostP0TCs.FirstFiveP0TCs" time="3.086" errors="0" timestamp="2024-09-07T16:35:28 IST" skipped="0">
  <testcase classname="theoutpostP0TCs.FirstFiveP0TCs" name="checkPresenceofLinks" time="3.086"/>
  <system-out/>
</testsuite> <!-- theoutpostP0TCs.FirstFiveP0TCs -->
